2025-09-03 20:44:34,831 [INFO] Activator:176 - 


2025-09-03 20:44:34,832 [INFO] Activator:177 - !SESSION log4j initialized
2025-09-03 20:44:37,445 [INFO] LogOutputStream:77 - [STDOUT_REDIRECT] 
2025-09-03 20:44:37,875 [INFO] ApplicationProperties:184 - Using Application install path: /opt/st/stm32cubeide_1.18.1/plugins/com.st.stm32cube.common.mx_6.14.1.202504091515
2025-09-03 20:44:37,888 [INFO] DbMcusXml:78 - Set database path to: /opt/st/stm32cubeide_1.18.1/plugins/com.st.stm32cube.common.mx_6.14.1.202504091515//db//mcu/
2025-09-03 20:44:37,888 [INFO] ApiDb:274 - Set plugin database path to: /opt/st/stm32cubeide_1.18.1/plugins/com.st.stm32cube.common.mx_6.14.1.202504091515//db//plugins/boardmanager/
2025-09-03 20:44:37,888 [WARN] ApiDb:259 - Overriding images path with different value:  => /opt/st/stm32cubeide_1.18.1/plugins/com.st.stm32cube.common.mx_6.14.1.202504091515//db//plugins/mcufinder/images/
2025-09-03 20:44:37,893 [INFO] ApiDb:250 - Set database path to: /home/fausto/.stmcufinder/plugins/mcufinder//mcu/
2025-09-03 20:44:37,894 [INFO] DbMcusAds:125 - Set database path to: /home/fausto/.stmcufinder/plugins/mcufinder//mcu/
2025-09-03 20:44:37,895 [INFO] CrossReferenceDbSqlite:203 - Set database path to: /home/fausto/.stmcufinder/plugins/mcufinder//mcu/cs/
2025-09-03 20:44:37,977 [INFO] RulesReader:64 - Compatibility file has been processed (302 Rules)
2025-09-03 20:44:38,019 [INFO] DbMcusXml:78 - Set database path to: /opt/st/stm32cubeide_1.18.1/plugins/com.st.stm32cube.common.mx_6.14.1.202504091515//db//mcu/
2025-09-03 20:44:38,019 [INFO] ApiDb:274 - Set plugin database path to: /opt/st/stm32cubeide_1.18.1/plugins/com.st.stm32cube.common.mx_6.14.1.202504091515//db//plugins/boardmanager/
2025-09-03 20:44:38,019 [INFO] ApiDb:261 - Set plugin images path to: /opt/st/stm32cubeide_1.18.1/plugins/com.st.stm32cube.common.mx_6.14.1.202504091515//db//plugins/mcufinder/images/
2025-09-03 20:44:38,019 [WARN] DbFile:41 - Overriding database path with different value: /home/fausto/.stmcufinder/plugins/mcufinder/ => /home/fausto/.stmcufinder/plugins/mcufinder
2025-09-03 20:44:38,020 [INFO] ApiDb:250 - Set database path to: /home/fausto/.stmcufinder/plugins/mcufinder//mcu/
2025-09-03 20:44:38,020 [WARN] DbFile:41 - Overriding database path with different value: /home/fausto/.stmcufinder/plugins/mcufinder/ => /home/fausto/.stmcufinder/plugins/mcufinder
2025-09-03 20:44:38,020 [INFO] DbMcusAds:125 - Set database path to: /home/fausto/.stmcufinder/plugins/mcufinder//mcu/
2025-09-03 20:44:38,020 [WARN] DbFile:41 - Overriding database path with different value: /home/fausto/.stmcufinder/plugins/mcufinder/ => /home/fausto/.stmcufinder/plugins/mcufinder
2025-09-03 20:44:38,020 [WARN] DbFile:41 - Overriding database path with different value: /home/fausto/.stmcufinder/plugins/mcufinder/ => /home/fausto/.stmcufinder/plugins/mcufinder
2025-09-03 20:44:38,020 [INFO] CrossReferenceDbSqlite:203 - Set database path to: /home/fausto/.stmcufinder/plugins/mcufinder//mcu/cs/
2025-09-03 20:44:38,064 [INFO] MainPanel:272 - HeapMemory: 268435456
2025-09-03 20:44:38,194 [INFO] DbMcusXml:78 - Set database path to: /opt/st/stm32cubeide_1.18.1/plugins/com.st.stm32cube.common.mx_6.14.1.202504091515//db//mcu/
2025-09-03 20:44:38,194 [INFO] ApiDb:274 - Set plugin database path to: /opt/st/stm32cubeide_1.18.1/plugins/com.st.stm32cube.common.mx_6.14.1.202504091515//db//plugins/boardmanager/
2025-09-03 20:44:38,194 [INFO] ApiDb:261 - Set plugin images path to: /opt/st/stm32cubeide_1.18.1/plugins/com.st.stm32cube.common.mx_6.14.1.202504091515//db//plugins/mcufinder/images/
2025-09-03 20:44:38,194 [WARN] DbFile:41 - Overriding database path with different value: /home/fausto/.stmcufinder/plugins/mcufinder/ => /home/fausto/.stmcufinder/plugins/mcufinder
2025-09-03 20:44:38,194 [INFO] ApiDb:250 - Set database path to: /home/fausto/.stmcufinder/plugins/mcufinder//mcu/
2025-09-03 20:44:38,194 [WARN] DbFile:41 - Overriding database path with different value: /home/fausto/.stmcufinder/plugins/mcufinder/ => /home/fausto/.stmcufinder/plugins/mcufinder
2025-09-03 20:44:38,194 [INFO] DbMcusAds:125 - Set database path to: /home/fausto/.stmcufinder/plugins/mcufinder//mcu/
2025-09-03 20:44:38,194 [WARN] DbFile:41 - Overriding database path with different value: /home/fausto/.stmcufinder/plugins/mcufinder/ => /home/fausto/.stmcufinder/plugins/mcufinder
2025-09-03 20:44:38,194 [WARN] DbFile:41 - Overriding database path with different value: /home/fausto/.stmcufinder/plugins/mcufinder/ => /home/fausto/.stmcufinder/plugins/mcufinder
2025-09-03 20:44:38,194 [INFO] CrossReferenceDbSqlite:203 - Set database path to: /home/fausto/.stmcufinder/plugins/mcufinder//mcu/cs/
2025-09-03 20:44:38,202 [INFO] ApplicationProperties:184 - Using Application install path: /opt/st/stm32cubeide_1.18.1/plugins/com.st.stm32cube.common.mx_6.14.1.202504091515
2025-09-03 20:44:38,203 [INFO] PluginManage:196 - Search for loadable plugins [exclusion list=, ]
2025-09-03 20:44:38,204 [INFO] PluginManage:310 - Check plugin analytics
2025-09-03 20:44:38,301 [INFO] AnalyticsPlugin:253 - Accepted Software Licenses: 
2025-09-03 20:44:38,301 [INFO] AnalyticsPlugin:255 - Accepted CMSIS Pack Licenses: 
2025-09-03 20:44:38,301 [INFO] AnalyticsPlugin:257 - Accepted Firmware Licenses: 
2025-09-03 20:44:38,303 [INFO] PluginManage:359 - Loaded plugin analytics (category:tool,tabindex:-1)
2025-09-03 20:44:38,303 [INFO] PluginManage:310 - Check plugin cadmodel
2025-09-03 20:44:38,309 [INFO] CADModel:105 - Init CAD model plugin
2025-09-03 20:44:38,309 [INFO] PluginManage:359 - Loaded plugin cadmodel (category:power,tabindex:5)
2025-09-03 20:44:38,309 [INFO] PluginManage:310 - Check plugin clock
2025-09-03 20:44:38,315 [INFO] PluginManage:359 - Loaded plugin clock (category:base,tabindex:2)
2025-09-03 20:44:38,315 [INFO] PluginManage:310 - Check plugin ddr
2025-09-03 20:44:38,316 [INFO] PluginManage:359 - Loaded plugin ddr (category:tool,tabindex:6)
2025-09-03 20:44:38,316 [INFO] PluginManage:310 - Check plugin filemanager
2025-09-03 20:44:38,409 [INFO] PluginManage:359 - Loaded plugin filemanager (category:base,tabindex:10)
2025-09-03 20:44:38,409 [INFO] PluginManage:310 - Check plugin ipmanager
2025-09-03 20:44:38,413 [INFO] PluginManage:359 - Loaded plugin ipmanager (category:base,tabindex:5)
2025-09-03 20:44:38,413 [INFO] PluginManage:310 - Check plugin lpbam
2025-09-03 20:44:38,418 [INFO] PluginManage:359 - Loaded plugin lpbam (category:base,tabindex:0)
2025-09-03 20:44:38,418 [INFO] PluginManage:310 - Check plugin memorymap
2025-09-03 20:44:38,425 [INFO] PluginManage:359 - Loaded plugin memorymap (category:base,tabindex:4)
2025-09-03 20:44:38,425 [INFO] PluginManage:310 - Check plugin pinoutandconfiguration
2025-09-03 20:44:38,430 [INFO] PluginManage:359 - Loaded plugin pinoutandconfiguration (category:base,tabindex:1)
2025-09-03 20:44:38,430 [INFO] PluginManage:310 - Check plugin pinoutconfig
2025-09-03 20:44:38,480 [WARN] SupportedApi:132 - Cannot load RTOS API schema: s4s-elt-must-match.1: The content of 'definitions' must match (annotation?, (simpleType | complexType)?, (unique | key | keyref)*)). A problem was found starting at: attribute.
2025-09-03 20:44:38,554 [INFO] PluginManage:359 - Loaded plugin pinoutconfig (category:base,tabindex:0)
2025-09-03 20:44:38,554 [INFO] PluginManage:310 - Check plugin power
2025-09-03 20:44:38,563 [INFO] PluginManage:359 - Loaded plugin power (category:power,tabindex:4)
2025-09-03 20:44:38,563 [INFO] PluginManage:310 - Check plugin projectmanager
2025-09-03 20:44:38,574 [INFO] PluginManage:359 - Loaded plugin projectmanager (category:projectmanager,tabindex:4)
2025-09-03 20:44:38,575 [INFO] PluginManage:310 - Check plugin rif
2025-09-03 20:44:38,582 [INFO] PluginManage:359 - Loaded plugin rif (category:base,tabindex:3)
2025-09-03 20:44:38,582 [INFO] PluginManage:310 - Check plugin thirdparty
2025-09-03 20:44:38,645 [INFO] PluginManage:359 - Loaded plugin thirdparty (category:base,tabindex:-1)
2025-09-03 20:44:38,646 [WARN] IntegrityCheckThread:84 - waiting for thirdparty lock release [integrity check]
2025-09-03 20:44:38,646 [INFO] PluginManage:310 - Check plugin tools
2025-09-03 20:44:38,646 [INFO] IntegrityCheckThread:86 - entering critical section [integrity check]
2025-09-03 20:44:38,646 [INFO] ThirdPartyUpdaterWithRetryManager:70 - Updater plugin not ready yet. [1/15]
2025-09-03 20:44:38,647 [INFO] PluginManage:359 - Loaded plugin tools (category:base,tabindex:7)
2025-09-03 20:44:38,648 [INFO] PluginManage:310 - Check plugin tutovideos
2025-09-03 20:44:38,742 [INFO] PluginManage:359 - Loaded plugin tutovideos (category:base,tabindex:-1)
2025-09-03 20:44:38,742 [INFO] PluginManage:310 - Check plugin updater
2025-09-03 20:44:38,758 [INFO] PluginManage:359 - Loaded plugin updater (category:base,tabindex:12)
2025-09-03 20:44:38,758 [INFO] PluginManage:310 - Check plugin userauth
2025-09-03 20:44:38,761 [INFO] UserAuth:118 - Init User Auth plugin
2025-09-03 20:44:38,761 [INFO] PluginManage:359 - Loaded plugin userauth (category:base,tabindex:14)
2025-09-03 20:44:38,761 [INFO] PluginManage:283 - PluginManage : Loaded plugins [18]
2025-09-03 20:44:38,867 [INFO] PinOutPanel:1589 - setPackage(No Configuration,No Configuration)
2025-09-03 20:44:38,908 [INFO] CADModel:165 - CPN selected for project level
2025-09-03 20:44:38,908 [INFO] CADModel:114 - Register for checkConnection events
2025-09-03 20:44:38,918 [INFO] IPUIPlugin:80 - create IPUIPlugin
2025-09-03 20:44:38,918 [INFO] PluginManager:220 - loadIPPluginJar : add fmc
2025-09-03 20:44:38,919 [INFO] IPUIPlugin:80 - create IPUIPlugin
2025-09-03 20:44:38,919 [INFO] PluginManager:220 - loadIPPluginJar : add radio
2025-09-03 20:44:38,923 [INFO] IPUIPlugin:80 - create IPUIPlugin
2025-09-03 20:44:38,923 [INFO] PluginManager:220 - loadIPPluginJar : add linkedlist
2025-09-03 20:44:38,925 [INFO] IPUIPlugin:80 - create IPUIPlugin
2025-09-03 20:44:38,925 [INFO] PluginManager:220 - loadIPPluginJar : add i3c
2025-09-03 20:44:38,928 [INFO] IPUIPlugin:80 - create IPUIPlugin
2025-09-03 20:44:38,928 [INFO] PluginManager:220 - loadIPPluginJar : add adc
2025-09-03 20:44:38,929 [INFO] IPUIPlugin:80 - create IPUIPlugin
2025-09-03 20:44:38,929 [INFO] PluginManager:220 - loadIPPluginJar : add openamp
2025-09-03 20:44:38,930 [INFO] IPUIPlugin:80 - create IPUIPlugin
2025-09-03 20:44:38,930 [INFO] PluginManager:220 - loadIPPluginJar : add ucpd
2025-09-03 20:44:38,931 [INFO] IPUIPlugin:80 - create IPUIPlugin
2025-09-03 20:44:38,931 [INFO] PluginManager:220 - loadIPPluginJar : add gfxmmu
2025-09-03 20:44:38,932 [INFO] IPUIPlugin:80 - create IPUIPlugin
2025-09-03 20:44:38,932 [INFO] PluginManager:220 - loadIPPluginJar : add tim
2025-09-03 20:44:38,932 [INFO] IPUIPlugin:80 - create IPUIPlugin
2025-09-03 20:44:38,932 [INFO] PluginManager:220 - loadIPPluginJar : add quadspi
2025-09-03 20:44:38,933 [INFO] IPUIPlugin:80 - create IPUIPlugin
2025-09-03 20:44:38,933 [INFO] PluginManager:220 - loadIPPluginJar : add cryp
2025-09-03 20:44:38,936 [INFO] IPUIPlugin:80 - create IPUIPlugin
2025-09-03 20:44:38,936 [INFO] PluginManager:220 - loadIPPluginJar : add freertos
2025-09-03 20:44:38,937 [INFO] IPUIPlugin:80 - create IPUIPlugin
2025-09-03 20:44:38,937 [INFO] PluginManager:220 - loadIPPluginJar : add hash
2025-09-03 20:44:38,938 [INFO] IPUIPlugin:80 - create IPUIPlugin
2025-09-03 20:44:38,938 [INFO] PluginManager:220 - loadIPPluginJar : add tracer_emb
2025-09-03 20:44:38,939 [INFO] IPUIPlugin:80 - create IPUIPlugin
2025-09-03 20:44:38,939 [INFO] PluginManager:220 - loadIPPluginJar : add dfsdm
2025-09-03 20:44:38,940 [INFO] IPUIPlugin:80 - create IPUIPlugin
2025-09-03 20:44:38,940 [INFO] PluginManager:220 - loadIPPluginJar : add tsc
2025-09-03 20:44:38,943 [INFO] IPUIPlugin:80 - create IPUIPlugin
2025-09-03 20:44:38,943 [INFO] PluginManager:220 - loadIPPluginJar : add dma
2025-09-03 20:44:38,944 [INFO] IPUIPlugin:80 - create IPUIPlugin
2025-09-03 20:44:38,944 [INFO] PluginManager:220 - loadIPPluginJar : add aes
2025-09-03 20:44:38,945 [INFO] IPUIPlugin:80 - create IPUIPlugin
2025-09-03 20:44:38,946 [INFO] PluginManager:220 - loadIPPluginJar : add touchsensing
2025-09-03 20:44:38,948 [INFO] IPUIPlugin:80 - create IPUIPlugin
2025-09-03 20:44:38,948 [INFO] PluginManager:220 - loadIPPluginJar : add nvic
2025-09-03 20:44:38,949 [INFO] IPUIPlugin:80 - create IPUIPlugin
2025-09-03 20:44:38,950 [INFO] PluginManager:220 - loadIPPluginJar : add extmemmanager
2025-09-03 20:44:38,951 [INFO] IPUIPlugin:80 - create IPUIPlugin
2025-09-03 20:44:38,951 [INFO] PluginManager:220 - loadIPPluginJar : add gtzc
2025-09-03 20:44:38,953 [INFO] IPUIPlugin:80 - create IPUIPlugin
2025-09-03 20:44:38,953 [INFO] PluginManager:220 - loadIPPluginJar : add gpio
2025-09-03 20:44:38,954 [INFO] IPUIPlugin:80 - create IPUIPlugin
2025-09-03 20:44:38,954 [INFO] PluginManager:220 - loadIPPluginJar : add ts
2025-09-03 20:44:38,955 [INFO] IPUIPlugin:80 - create IPUIPlugin
2025-09-03 20:44:38,955 [INFO] PluginManager:220 - loadIPPluginJar : add lorawan
2025-09-03 20:44:38,956 [INFO] IPUIPlugin:80 - create IPUIPlugin
2025-09-03 20:44:38,957 [INFO] PluginManager:220 - loadIPPluginJar : add pdm2pcm
2025-09-03 20:44:38,958 [INFO] IPUIPlugin:80 - create IPUIPlugin
2025-09-03 20:44:38,958 [INFO] PluginManager:220 - loadIPPluginJar : add dma3
2025-09-03 20:44:38,959 [INFO] IPUIPlugin:80 - create IPUIPlugin
2025-09-03 20:44:38,959 [INFO] PluginManager:220 - loadIPPluginJar : add ltdc
2025-09-03 20:44:38,960 [INFO] IPUIPlugin:80 - create IPUIPlugin
2025-09-03 20:44:38,960 [INFO] PluginManager:220 - loadIPPluginJar : add usart
2025-09-03 20:44:38,960 [INFO] IPUIPlugin:80 - create IPUIPlugin
2025-09-03 20:44:38,960 [INFO] PluginManager:220 - loadIPPluginJar : add spi
2025-09-03 20:44:38,962 [INFO] IPUIPlugin:80 - create IPUIPlugin
2025-09-03 20:44:38,962 [INFO] PluginManager:220 - loadIPPluginJar : add opamp
2025-09-03 20:44:38,963 [INFO] IPUIPlugin:80 - create IPUIPlugin
2025-09-03 20:44:38,963 [INFO] PluginManager:220 - loadIPPluginJar : add i2c
2025-09-03 20:44:38,964 [INFO] IPUIPlugin:80 - create IPUIPlugin
2025-09-03 20:44:38,964 [INFO] PluginManager:220 - loadIPPluginJar : add ddr_ctrl_phy
2025-09-03 20:44:38,965 [INFO] IPUIPlugin:80 - create IPUIPlugin
2025-09-03 20:44:38,965 [INFO] PluginManager:220 - loadIPPluginJar : add i2s
2025-09-03 20:44:38,967 [INFO] IPUIPlugin:80 - create IPUIPlugin
2025-09-03 20:44:38,967 [INFO] PluginManager:220 - loadIPPluginJar : add resmgrutility
2025-09-03 20:44:38,967 [INFO] IPUIPlugin:80 - create IPUIPlugin
2025-09-03 20:44:38,967 [INFO] PluginManager:220 - loadIPPluginJar : add comp
2025-09-03 20:44:38,968 [INFO] IPUIPlugin:80 - create IPUIPlugin
2025-09-03 20:44:38,968 [INFO] PluginManager:220 - loadIPPluginJar : add can
2025-09-03 20:44:38,972 [INFO] IPUIPlugin:80 - create IPUIPlugin
2025-09-03 20:44:38,973 [INFO] PluginManager:220 - loadIPPluginJar : add plateformsettings
2025-09-03 20:44:38,976 [INFO] IPUIPlugin:80 - create IPUIPlugin
2025-09-03 20:44:38,976 [INFO] PluginManager:220 - loadIPPluginJar : add gic
2025-09-03 20:44:38,979 [INFO] IPUIPlugin:80 - create IPUIPlugin
2025-09-03 20:44:38,979 [INFO] PluginManager:220 - loadIPPluginJar : add stm32_wpan
2025-09-03 20:44:38,980 [INFO] IPUIPlugin:80 - create IPUIPlugin
2025-09-03 20:44:38,980 [INFO] PluginManager:220 - loadIPPluginJar : add fatfs
2025-09-03 20:44:38,981 [INFO] IPUIPlugin:80 - create IPUIPlugin
2025-09-03 20:44:38,981 [INFO] PluginManager:220 - loadIPPluginJar : add usbx
2025-09-03 20:44:38,983 [INFO] IPUIPlugin:80 - create IPUIPlugin
2025-09-03 20:44:38,983 [INFO] PluginManager:220 - loadIPPluginJar : add ipddr
2025-09-03 20:44:38,986 [INFO] IPUIPlugin:80 - create IPUIPlugin
2025-09-03 20:44:38,986 [INFO] PluginManager:220 - loadIPPluginJar : add mdma
2025-09-03 20:44:38,987 [INFO] IPUIPlugin:80 - create IPUIPlugin
2025-09-03 20:44:38,987 [INFO] PluginManager:220 - loadIPPluginJar : add genericplugin
2025-09-03 20:44:38,988 [INFO] IPUIPlugin:80 - create IPUIPlugin
2025-09-03 20:44:38,988 [INFO] PluginManager:220 - loadIPPluginJar : add sai
2025-09-03 20:44:39,076 [FATAL] Updater:351 - Updater called before beeing initialized
2025-09-03 20:44:39,094 [INFO] RulesReader:64 - Compatibility file has been processed (302 Rules)
2025-09-03 20:44:39,099 [INFO] RulesReader:64 - Compatibility file has been processed (302 Rules)
2025-09-03 20:44:39,103 [INFO] CADModel:165 - CPN selected for project level
2025-09-03 20:44:39,103 [INFO] CADModel:114 - Register for checkConnection events
2025-09-03 20:44:39,103 [FATAL] Updater:351 - Updater called before beeing initialized
2025-09-03 20:44:39,103 [ERROR] CADModel:125 - Updater not yet initialized, retry later 
2025-09-03 20:44:39,181 [FATAL] Updater:351 - Updater called before beeing initialized
2025-09-03 20:44:39,182 [INFO] CADModel:165 - CPN selected for project level
2025-09-03 20:44:39,182 [INFO] CADModel:114 - Register for checkConnection events
2025-09-03 20:44:39,182 [FATAL] Updater:351 - Updater called before beeing initialized
2025-09-03 20:44:39,182 [ERROR] CADModel:125 - Updater not yet initialized, retry later 
2025-09-03 20:44:39,184 [FATAL] Updater:351 - Updater called before beeing initialized
2025-09-03 20:44:39,234 [FATAL] Updater:351 - Updater called before beeing initialized
2025-09-03 20:44:39,237 [INFO] DbMcusAds:53 - JSON generation date=Thu Sep 30 01:55:09 CDT 2021 (1632984909247)
2025-09-03 20:44:39,237 [FATAL] Updater:351 - Updater called before beeing initialized
2025-09-03 20:44:39,265 [WARN] DetailPanel:346 - Failed to get advertising image, set to default
2025-09-03 20:44:39,390 [FATAL] Updater:351 - Updater called before beeing initialized
2025-09-03 20:44:39,392 [FATAL] Updater:351 - Updater called before beeing initialized
2025-09-03 20:44:39,392 [FATAL] Updater:351 - Updater called before beeing initialized
2025-09-03 20:44:39,392 [WARN] DetailPanel:346 - Failed to get advertising image, set to default
2025-09-03 20:44:39,392 [FATAL] Updater:351 - Updater called before beeing initialized
2025-09-03 20:44:39,413 [ERROR] Updater:1198 - MainUpdater not yet initialized. External WinMGr cannot be set.
2025-09-03 20:44:39,414 [INFO] Updater:1134 - Updater Version found : 6.14.1
2025-09-03 20:44:39,429 [INFO] ApplicationProperties:184 - Using Application install path: /opt/st/stm32cubeide_1.18.1/plugins/com.st.stm32cube.common.mx_6.14.1.202504091515
2025-09-03 20:44:39,597 [INFO] MainUpdater:2872 - connection check result : 10
2025-09-03 20:44:39,597 [INFO] MainUpdater:3566 - Updater definition file requires update
2025-09-03 20:44:39,598 [INFO] MainUpdater:289 - Updater Check For Update Now.
2025-09-03 20:44:39,598 [INFO] MicroXplorer:498 - Change Database Version : DB.6.0.141
2025-09-03 20:44:39,600 [INFO] McuFinderGlobals:63 - Set McuFinder mode to 2 (CubeIDE integrated)
2025-09-03 20:44:39,601 [INFO] UserAuth:171 - activating auth plugin
2025-09-03 20:44:39,603 [INFO] UserAuth:484 - Internet connection configuration mode: 1
2025-09-03 20:44:39,608 [INFO] ServerAccessManage:473 - Download File updaters.zip
2025-09-03 20:44:39,615 [INFO] JxBrowserEngine:152 - Initiate JxBrowser Engine with user profile folder
2025-09-03 20:44:39,659 [INFO] FileExtend:242 - Unzip File : updaters.zip
2025-09-03 20:44:39,659 [INFO] FileExtend:257 - Standard Zip Deflate
2025-09-03 20:44:39,768 [INFO] ServerAccessManage:473 - Download File PacksControlFlags.xml
2025-09-03 20:44:39,797 [INFO] ServerAccessManage:473 - Download File cubemx.pidx
2025-09-03 20:44:40,252 [INFO] WebApp:169 - Instantiating new browser for Auth
2025-09-03 20:44:40,730 [INFO] WebApp:463 - Apply proxy settings
2025-09-03 20:44:40,731 [INFO] WebApp:548 - Chromium requires no authentication
2025-09-03 20:44:40,735 [INFO] WebApp:491 - Direct internet connection detected
2025-09-03 20:44:40,746 [INFO] WebApp:894 - Register for checkConnection events
2025-09-03 20:44:40,746 [INFO] WebApp:463 - Apply proxy settings
2025-09-03 20:44:40,746 [INFO] WebApp:548 - Chromium requires no authentication
2025-09-03 20:44:40,746 [INFO] ServerAccessManage:473 - Download File STMicroelectronics.FP-SNS-STBOX1.pdsc
2025-09-03 20:44:40,747 [INFO] WebApp:491 - Direct internet connection detected
2025-09-03 20:44:40,841 [INFO] WebApp:225 - Starting web application
2025-09-03 20:44:40,841 [INFO] WebApp:593 - Web application path used /opt/st/stm32cubeide_1.18.1/plugins/com.st.stm32cube.common.mx_6.14.1.202504091515/db/plugins/mcufinder/reactClient1/index.html
2025-09-03 20:44:41,015 [INFO] WebApp:191 - Connection restablished
2025-09-03 20:44:41,647 [WARN] MainUpdater:1193 - Updater busy. Cannot search thirdparties
2025-09-03 20:44:41,647 [INFO] ThirdPartyUpdaterWithRetryManager:96 - Updater plugin is busy. [1/15]
2025-09-03 20:44:43,052 [INFO] ServerAccessManage:473 - Download File STMicroelectronics.FP-SNS-STAIOTCFT.pdsc
2025-09-03 20:44:44,588 [INFO] ServerAccessManage:473 - Download File STMicroelectronics.X-CUBE-AI.pdsc
2025-09-03 20:44:44,648 [WARN] MainUpdater:1193 - Updater busy. Cannot search thirdparties
2025-09-03 20:44:44,648 [INFO] ThirdPartyUpdaterWithRetryManager:96 - Updater plugin is busy. [2/15]
2025-09-03 20:44:47,648 [WARN] MainUpdater:1193 - Updater busy. Cannot search thirdparties
2025-09-03 20:44:47,648 [INFO] ThirdPartyUpdaterWithRetryManager:96 - Updater plugin is busy. [3/15]
2025-09-03 20:44:50,649 [WARN] MainUpdater:1193 - Updater busy. Cannot search thirdparties
2025-09-03 20:44:50,649 [INFO] ThirdPartyUpdaterWithRetryManager:96 - Updater plugin is busy. [4/15]
2025-09-03 20:44:53,649 [WARN] MainUpdater:1193 - Updater busy. Cannot search thirdparties
2025-09-03 20:44:53,649 [INFO] ThirdPartyUpdaterWithRetryManager:96 - Updater plugin is busy. [5/15]
2025-09-03 20:44:56,650 [WARN] MainUpdater:1193 - Updater busy. Cannot search thirdparties
2025-09-03 20:44:56,650 [INFO] ThirdPartyUpdaterWithRetryManager:96 - Updater plugin is busy. [6/15]
2025-09-03 20:44:59,650 [WARN] MainUpdater:1193 - Updater busy. Cannot search thirdparties
2025-09-03 20:44:59,650 [INFO] ThirdPartyUpdaterWithRetryManager:96 - Updater plugin is busy. [7/15]
2025-09-03 20:45:00,053 [INFO] ServerAccessManage:473 - Download File STMicroelectronics.X-CUBE-BLEMGR.pdsc
2025-09-03 20:45:02,508 [ERROR] ServerAccessManage:1089 - Problem, file not found on Server
2025-09-03 20:45:02,650 [WARN] MainUpdater:1193 - Updater busy. Cannot search thirdparties
2025-09-03 20:45:02,651 [INFO] ThirdPartyUpdaterWithRetryManager:96 - Updater plugin is busy. [8/15]
2025-09-03 20:45:05,651 [WARN] MainUpdater:1193 - Updater busy. Cannot search thirdparties
2025-09-03 20:45:05,651 [INFO] ThirdPartyUpdaterWithRetryManager:96 - Updater plugin is busy. [9/15]
2025-09-03 20:45:07,598 [INFO] ServerAccessManage:473 - Download File STMicroelectronics.X-CUBE-EEPRMA1.pdsc
2025-09-03 20:45:08,651 [WARN] MainUpdater:1193 - Updater busy. Cannot search thirdparties
2025-09-03 20:45:08,652 [INFO] ThirdPartyUpdaterWithRetryManager:96 - Updater plugin is busy. [10/15]
2025-09-03 20:45:09,459 [ERROR] ServerAccessManage:1089 - Problem, file not found on Server
2025-09-03 20:45:11,314 [ERROR] ServerAccessManage:1089 - Problem, file not found on Server
2025-09-03 20:45:11,652 [WARN] MainUpdater:1193 - Updater busy. Cannot search thirdparties
2025-09-03 20:45:11,652 [INFO] ThirdPartyUpdaterWithRetryManager:96 - Updater plugin is busy. [11/15]
2025-09-03 20:45:14,318 [INFO] ServerAccessManage:473 - Download File STMicroelectronics.X-CUBE-MEMS1.pdsc
2025-09-03 20:45:14,652 [WARN] MainUpdater:1193 - Updater busy. Cannot search thirdparties
2025-09-03 20:45:14,653 [INFO] ThirdPartyUpdaterWithRetryManager:96 - Updater plugin is busy. [12/15]
2025-09-03 20:45:17,653 [WARN] MainUpdater:1193 - Updater busy. Cannot search thirdparties
2025-09-03 20:45:17,653 [INFO] ThirdPartyUpdaterWithRetryManager:96 - Updater plugin is busy. [13/15]
2025-09-03 20:45:20,653 [WARN] MainUpdater:1193 - Updater busy. Cannot search thirdparties
2025-09-03 20:45:20,654 [INFO] ThirdPartyUpdaterWithRetryManager:96 - Updater plugin is busy. [14/15]
2025-09-03 20:45:23,654 [WARN] MainUpdater:1193 - Updater busy. Cannot search thirdparties
2025-09-03 20:45:23,654 [INFO] ThirdPartyUpdaterWithRetryManager:96 - Updater plugin is busy. [15/15]
2025-09-03 20:45:23,655 [ERROR] IntegrityCheckThread:130 - Cannot retrieve database content from updater: error -1
2025-09-03 20:45:23,655 [INFO] ThirdParty:978 - Integrity check success = false
2025-09-03 20:45:23,655 [INFO] IntegrityCheckThread:100 - exiting critical section [integrity check]
2025-09-03 20:45:23,655 [INFO] IntegrityCheckThread:103 - End integrity checks thread
2025-09-03 20:45:31,593 [INFO] ServerAccessManage:473 - Download File STMicroelectronics.X-CUBE-NFC12.pdsc
2025-09-03 20:45:32,614 [INFO] ServerAccessManage:473 - Download File STMicroelectronics.X-CUBE-ST60.pdsc
2025-09-03 20:45:34,168 [INFO] ServerAccessManage:473 - Download File STMicroelectronics.X-CUBE-ST67W61.pdsc
2025-09-03 20:45:35,354 [INFO] ServerAccessManage:473 - Download File STMicroelectronics.X-CUBE-PM33A1.pdsc
2025-09-03 20:45:36,543 [INFO] ServerAccessManage:473 - Download File STMicroelectronics.X-CUBE-AZRTOS-H7.pdsc
2025-09-03 20:45:43,079 [WARN] PopulateThirdPartyThread:106 - Error when creating pack: /home/fausto/.stm32cubemx/thirdparties/pdsc/STMicroelectronics.FP-SNS-STBOX1.pdsc
2025-09-03 20:45:43,099 [WARN] PackLoader:240 - Cannot read IP mode file for STMicroelectronics.FP-SNS-STAIOTCFT.1.0.0
2025-09-03 20:45:43,104 [WARN] PackLoader:240 - Cannot read IP mode file for STMicroelectronics.X-CUBE-AI.10.2.0
2025-09-03 20:45:43,115 [WARN] PackLoader:240 - Cannot read IP mode file for STMicroelectronics.X-CUBE-BLEMGR.4.1.0
2025-09-03 20:45:43,124 [WARN] PackLoader:240 - Cannot read IP mode file for STMicroelectronics.X-CUBE-EEPRMA1.5.2.0
2025-09-03 20:45:43,157 [WARN] PackLoader:240 - Cannot read IP mode file for STMicroelectronics.X-CUBE-MEMS1.11.3.0
2025-09-03 20:45:43,222 [INFO] CheckServerUpdateThread:120 - End of CheckServer Thread
2025-09-03 20:45:43,239 [WARN] PackLoader:240 - Cannot read IP mode file for STMicroelectronics.X-CUBE-NFC12.1.0.0
2025-09-03 20:45:43,243 [WARN] PackLoader:240 - Cannot read IP mode file for STMicroelectronics.X-CUBE-ST60.1.0.0
2025-09-03 20:45:43,248 [WARN] PackLoader:240 - Cannot read IP mode file for STMicroelectronics.X-CUBE-ST67W61.1.0.0
2025-09-03 20:45:43,250 [WARN] PackLoader:240 - Cannot read IP mode file for STMicroelectronics.X-CUBE-PM33A1.1.0.0
2025-09-03 20:45:43,270 [WARN] PackLoader:240 - Cannot read IP mode file for STMicroelectronics.X-CUBE-AZRTOS-H7.3.4.0
2025-09-03 20:45:43,271 [INFO] PopulateThirdPartyThread:66 - Ending populate Thread
2025-09-03 20:45:43,274 [INFO] ThirdParty:1030 - CMSIS Pack Vendor :STMicroelectronics X-CUBE-BLEMGR 4.1.0
2025-09-03 20:45:43,274 [INFO] ThirdParty:1030 - CMSIS Pack Vendor :STMicroelectronics X-CUBE-EEPRMA1 5.2.0
2025-09-03 20:45:43,274 [INFO] ThirdParty:1030 - CMSIS Pack Vendor :STMicroelectronics X-CUBE-ST67W61 1.0.0
2025-09-03 20:45:43,274 [INFO] ThirdParty:1030 - CMSIS Pack Vendor :STMicroelectronics X-CUBE-PM33A1 1.0.0
2025-09-03 20:45:43,274 [INFO] ThirdParty:1030 - CMSIS Pack Vendor :STMicroelectronics X-CUBE-AZRTOS-H7 3.4.0
2025-09-03 20:45:43,274 [INFO] ThirdParty:1030 - CMSIS Pack Vendor :STMicroelectronics FP-SNS-STAIOTCFT 1.0.0
2025-09-03 20:45:43,274 [INFO] ThirdParty:1030 - CMSIS Pack Vendor :STMicroelectronics X-CUBE-AI 10.2.0
2025-09-03 20:45:43,274 [INFO] ThirdParty:1030 - CMSIS Pack Vendor :STMicroelectronics X-CUBE-ST60 1.0.0
2025-09-03 20:45:43,274 [INFO] ThirdParty:1030 - CMSIS Pack Vendor :STMicroelectronics X-CUBE-MEMS1 11.3.0
2025-09-03 20:45:43,274 [INFO] ThirdParty:1030 - CMSIS Pack Vendor :STMicroelectronics X-CUBE-NFC12 1.0.0
2025-09-03 20:45:43,274 [INFO] LoadServerUpdatesThread:375 - End of LoadServerUpdate Thread
